2025-11-09 03:42:34,448 - node_2 - INFO - Node 2 initialized
2025-11-09 03:42:35,499 - node_2 - INFO - Running consensus round 1
2025-11-09 03:42:40,092 - node_2 - INFO - Running consensus round 2
2025-11-09 03:42:40,092 - node_2 - INFO - Proposed block: Block(hash=bc1fec7a5e8f37461ae047ec5c7bce14427195cb54eb9f8a7fcac4a60988d9ab, leader=2, round=2, shard=1, transactions=9)
2025-11-09 03:42:41,504 - node_2 - DEBUG - Sent batch of 1 messages to Node 0
2025-11-09 03:42:41,505 - node_2 - DEBUG - Sent batch of 1 messages to Node 1
2025-11-09 03:42:45,395 - node_2 - INFO - Running consensus round 3
2025-11-09 03:45:34,233 - node_2 - INFO - Node 2 initialized
2025-11-09 03:45:35,297 - node_2 - INFO - Running consensus round 1
2025-11-09 03:45:39,781 - node_2 - INFO - Running consensus round 2
2025-11-09 03:45:39,782 - node_2 - INFO - Proposed block: Block(hash=e02026c2a9ca8c0a428142880f08487b83c934a646c70ba2133c1b9454335c00, leader=2, round=2, shard=1, transactions=5)
2025-11-09 03:45:41,419 - node_2 - DEBUG - Sent batch of 1 messages to Node 0
2025-11-09 03:45:41,422 - node_2 - DEBUG - Sent batch of 1 messages to Node 1
2025-11-09 03:45:45,491 - node_2 - INFO - Running consensus round 3
2025-11-09 03:45:49,097 - node_2 - INFO - Running consensus round 4
2025-11-09 03:45:52,706 - node_2 - INFO - Running consensus round 5
2025-11-09 03:45:53,819 - node_2 - ERROR - Error processing message: 
2025-11-09 03:45:56,312 - node_2 - INFO - Running consensus round 6
2025-11-09 03:46:00,351 - node_2 - INFO - Running consensus round 7
2025-11-09 03:46:00,352 - node_2 - ERROR - Error processing message: 
2025-11-09 03:46:00,356 - node_2 - ERROR - Error processing message: 
2025-11-09 03:46:03,926 - node_2 - INFO - Running consensus round 8
2025-11-09 03:46:03,926 - node_2 - INFO - Proposed block: Block(hash=16daa9655f083f978e29d5783b861e0e69e0aa7e9a14d18ca00b57ab7d8a2068, leader=2, round=8, shard=1, transactions=5)
2025-11-09 03:46:06,301 - node_2 - DEBUG - Sent batch of 1 messages to Node 3
2025-11-09 03:46:06,888 - node_2 - DEBUG - Sent batch of 1 messages to Node 4
2025-11-09 03:46:06,904 - node_2 - ERROR - Error processing message: 
2025-11-09 03:46:06,904 - node_2 - DEBUG - Sent batch of 1 messages to Node 5
2025-11-09 03:46:06,920 - node_2 - DEBUG - Sent batch of 1 messages to Node 0
2025-11-09 03:46:06,924 - node_2 - DEBUG - Sent batch of 1 messages to Node 1
2025-11-09 03:46:11,389 - node_2 - INFO - Running consensus round 9
2025-11-09 03:46:12,543 - node_2 - ERROR - Error processing message: 
2025-11-09 03:46:13,274 - node_2 - ERROR - Error processing message: 
2025-11-09 03:46:15,379 - node_2 - INFO - Running consensus round 10
2025-11-09 03:46:18,923 - node_2 - INFO - Running consensus round 11
2025-11-09 03:46:18,924 - node_2 - ERROR - Error processing message: 
2025-11-09 03:46:22,502 - node_2 - INFO - Running consensus round 12
2025-11-09 17:30:38,195 - node_2 - INFO - Node 2 initialized
2025-11-09 17:30:39,328 - node_2 - INFO - Запуск раунда консенсуса 1
2025-11-09 17:30:45,304 - node_2 - INFO - Запуск раунда консенсуса 2
2025-11-09 17:30:45,304 - node_2 - INFO - Предложен блок: Block(hash=58898ebd888416e82169c4bf7814d74d3acb5afdf42582633e8930b7b91882c7, leader=2, round=2, shard=1, transactions=9)
2025-11-09 17:30:45,305 - node_2 - DEBUG - Шифрование сообщения: {'type': 'prepare', 'block': {'hash': '58898ebd888416e82169c4bf7814d74d3acb5afdf42582633e8930b7b91882c7'}, 'round': 2, 'sender_id': 2}
2025-11-09 17:30:49,748 - node_2 - DEBUG - Отправлен пакет из 1 сообщений узлу 0
2025-11-09 17:30:49,748 - node_2 - DEBUG - Сообщение добавлено в пакет для узла 0
2025-11-09 17:30:49,748 - node_2 - DEBUG - Шифрование сообщения: {'type': 'prepare', 'block': {'hash': '58898ebd888416e82169c4bf7814d74d3acb5afdf42582633e8930b7b91882c7'}, 'round': 2, 'sender_id': 2}
2025-11-09 17:30:49,750 - node_2 - DEBUG - Отправлен пакет из 1 сообщений узлу 1
2025-11-09 17:30:49,750 - node_2 - DEBUG - Сообщение добавлено в пакет для узла 1
2025-11-09 17:30:49,750 - node_2 - DEBUG - Шифрование сообщения: {'type': 'prepare', 'block': {'hash': '58898ebd888416e82169c4bf7814d74d3acb5afdf42582633e8930b7b91882c7'}, 'round': 2, 'sender_id': 2}
2025-11-09 17:30:49,751 - node_2 - DEBUG - Сообщение добавлено в пакет для узла 3
2025-11-09 17:30:49,751 - node_2 - DEBUG - Шифрование сообщения: {'type': 'prepare', 'block': {'hash': '58898ebd888416e82169c4bf7814d74d3acb5afdf42582633e8930b7b91882c7'}, 'round': 2, 'sender_id': 2}
2025-11-09 17:30:49,751 - node_2 - DEBUG - Сообщение добавлено в пакет для узла 4
2025-11-09 17:30:49,751 - node_2 - DEBUG - Шифрование сообщения: {'type': 'prepare', 'block': {'hash': '58898ebd888416e82169c4bf7814d74d3acb5afdf42582633e8930b7b91882c7'}, 'round': 2, 'sender_id': 2}
2025-11-09 17:30:49,751 - node_2 - DEBUG - Сообщение добавлено в пакет для узла 5
2025-11-09 17:30:53,394 - node_2 - INFO - Запуск раунда консенсуса 3
2025-11-09 17:30:57,943 - node_2 - INFO - Запуск раунда консенсуса 4
2025-11-09 17:31:00,880 - node_2 - ERROR - Ошибка при обработке сообщения: 
2025-11-09 17:31:01,658 - node_2 - INFO - Запуск раунда консенсуса 5
2025-11-09 17:31:05,976 - node_2 - INFO - Запуск раунда консенсуса 6
2025-11-09 17:31:10,031 - node_2 - ERROR - Ошибка при обработке сообщения: 
2025-11-09 17:31:10,760 - node_2 - INFO - Запуск раунда консенсуса 7
2025-11-09 17:31:12,181 - node_2 - ERROR - Ошибка при обработке сообщения: 
2025-11-09 17:31:14,488 - node_2 - INFO - Запуск раунда консенсуса 8
2025-11-09 17:31:14,488 - node_2 - INFO - Предложен блок: Block(hash=24bb0128fbb000ad86546b4845492c7f3bff1049d7a9ffb215635a45c7be7b46, leader=2, round=8, shard=1, transactions=4)
2025-11-09 17:31:14,488 - node_2 - DEBUG - Шифрование сообщения: {'type': 'prepare', 'block': {'hash': '24bb0128fbb000ad86546b4845492c7f3bff1049d7a9ffb215635a45c7be7b46'}, 'round': 8, 'sender_id': 2}
2025-11-09 17:31:16,974 - node_2 - DEBUG - Отправлен пакет из 1 сообщений узлу 3
2025-11-09 17:31:18,417 - node_2 - ERROR - Ошибка при обработке сообщения: 
2025-11-09 17:31:18,418 - node_2 - DEBUG - Отправлен пакет из 1 сообщений узлу 4
2025-11-09 17:31:18,421 - node_2 - DEBUG - Отправлен пакет из 1 сообщений узлу 5
2025-11-09 17:31:18,423 - node_2 - DEBUG - Отправлен пакет из 1 сообщений узлу 0
2025-11-09 17:31:18,423 - node_2 - DEBUG - Сообщение добавлено в пакет для узла 0
2025-11-09 17:31:18,423 - node_2 - DEBUG - Шифрование сообщения: {'type': 'prepare', 'block': {'hash': '24bb0128fbb000ad86546b4845492c7f3bff1049d7a9ffb215635a45c7be7b46'}, 'round': 8, 'sender_id': 2}
2025-11-09 17:31:18,425 - node_2 - DEBUG - Отправлен пакет из 1 сообщений узлу 1
2025-11-09 17:31:18,425 - node_2 - DEBUG - Сообщение добавлено в пакет для узла 1
2025-11-09 17:31:18,426 - node_2 - DEBUG - Шифрование сообщения: {'type': 'prepare', 'block': {'hash': '24bb0128fbb000ad86546b4845492c7f3bff1049d7a9ffb215635a45c7be7b46'}, 'round': 8, 'sender_id': 2}
2025-11-09 17:31:18,426 - node_2 - DEBUG - Сообщение добавлено в пакет для узла 3
2025-11-09 17:31:18,426 - node_2 - DEBUG - Шифрование сообщения: {'type': 'prepare', 'block': {'hash': '24bb0128fbb000ad86546b4845492c7f3bff1049d7a9ffb215635a45c7be7b46'}, 'round': 8, 'sender_id': 2}
2025-11-09 17:31:18,426 - node_2 - DEBUG - Сообщение добавлено в пакет для узла 4
2025-11-09 17:31:18,426 - node_2 - DEBUG - Шифрование сообщения: {'type': 'prepare', 'block': {'hash': '24bb0128fbb000ad86546b4845492c7f3bff1049d7a9ffb215635a45c7be7b46'}, 'round': 8, 'sender_id': 2}
2025-11-09 17:31:18,426 - node_2 - DEBUG - Сообщение добавлено в пакет для узла 5
2025-11-09 17:31:20,038 - node_2 - ERROR - Ошибка при обработке сообщения: 
2025-11-09 17:31:22,813 - node_2 - INFO - Запуск раунда консенсуса 9
2025-11-09 17:31:27,805 - node_2 - INFO - Запуск раунда консенсуса 10
2025-11-09 17:31:29,260 - node_2 - ERROR - Ошибка при обработке сообщения: 
2025-11-09 17:31:29,996 - node_2 - ERROR - Ошибка при обработке сообщения: 
2025-11-09 17:31:31,657 - node_2 - INFO - Запуск раунда консенсуса 11
2025-11-09 17:31:37,038 - node_2 - INFO - Запуск раунда консенсуса 12
2025-11-09 17:31:41,502 - node_2 - INFO - Запуск раунда консенсуса 13
2025-11-09 17:31:44,408 - node_2 - ERROR - Ошибка при обработке сообщения: 
2025-11-09 17:31:45,256 - node_2 - INFO - Запуск раунда консенсуса 14
2025-11-09 17:31:45,256 - node_2 - INFO - Предложен блок: Block(hash=e9f5ddd837d5f231d27cfa88cfbd43da44d8f9d2653a0b116373dff66a8a8492, leader=2, round=14, shard=1, transactions=6)
2025-11-09 17:31:45,256 - node_2 - DEBUG - Шифрование сообщения: {'type': 'prepare', 'block': {'hash': 'e9f5ddd837d5f231d27cfa88cfbd43da44d8f9d2653a0b116373dff66a8a8492'}, 'round': 14, 'sender_id': 2}
2025-11-09 17:31:46,752 - node_2 - DEBUG - Отправлен пакет из 1 сообщений узлу 3
2025-11-09 17:31:47,528 - node_2 - ERROR - Ошибка при обработке сообщения: 
2025-11-09 17:31:49,009 - node_2 - ERROR - Ошибка при обработке сообщения: 
2025-11-09 17:31:49,010 - node_2 - DEBUG - Отправлен пакет из 1 сообщений узлу 4
2025-11-09 17:31:49,016 - node_2 - DEBUG - Отправлен пакет из 1 сообщений узлу 5
2025-11-09 17:31:49,020 - node_2 - DEBUG - Отправлен пакет из 1 сообщений узлу 0
2025-11-09 17:31:49,020 - node_2 - DEBUG - Сообщение добавлено в пакет для узла 0
2025-11-09 17:31:49,020 - node_2 - DEBUG - Шифрование сообщения: {'type': 'prepare', 'block': {'hash': 'e9f5ddd837d5f231d27cfa88cfbd43da44d8f9d2653a0b116373dff66a8a8492'}, 'round': 14, 'sender_id': 2}
2025-11-09 17:31:49,024 - node_2 - DEBUG - Отправлен пакет из 1 сообщений узлу 1
2025-11-09 17:31:49,025 - node_2 - DEBUG - Сообщение добавлено в пакет для узла 1
2025-11-09 17:31:49,025 - node_2 - DEBUG - Шифрование сообщения: {'type': 'prepare', 'block': {'hash': 'e9f5ddd837d5f231d27cfa88cfbd43da44d8f9d2653a0b116373dff66a8a8492'}, 'round': 14, 'sender_id': 2}
2025-11-09 17:31:49,025 - node_2 - DEBUG - Сообщение добавлено в пакет для узла 3
2025-11-09 17:31:49,025 - node_2 - DEBUG - Шифрование сообщения: {'type': 'prepare', 'block': {'hash': 'e9f5ddd837d5f231d27cfa88cfbd43da44d8f9d2653a0b116373dff66a8a8492'}, 'round': 14, 'sender_id': 2}
2025-11-09 17:31:49,025 - node_2 - DEBUG - Сообщение добавлено в пакет для узла 4
2025-11-09 17:31:49,025 - node_2 - DEBUG - Шифрование сообщения: {'type': 'prepare', 'block': {'hash': 'e9f5ddd837d5f231d27cfa88cfbd43da44d8f9d2653a0b116373dff66a8a8492'}, 'round': 14, 'sender_id': 2}
2025-11-09 17:31:49,026 - node_2 - DEBUG - Сообщение добавлено в пакет для узла 5
2025-11-09 17:31:56,004 - node_2 - INFO - Запуск раунда консенсуса 15
2025-11-09 17:31:58,934 - node_2 - ERROR - Ошибка при обработке сообщения: 
2025-11-09 17:32:00,685 - node_2 - INFO - Запуск раунда консенсуса 16
2025-11-09 17:32:00,693 - node_2 - ERROR - Ошибка при обработке сообщения: 
2025-11-09 17:32:04,647 - node_2 - INFO - Запуск раунда консенсуса 17
2025-11-09 17:32:11,593 - node_2 - INFO - Запуск раунда консенсуса 18
2025-11-09 17:32:18,266 - node_2 - INFO - Node 2 initialized
2025-11-09 17:32:19,356 - node_2 - INFO - Запуск раунда консенсуса 1
2025-11-09 17:32:24,496 - node_2 - INFO - Запуск раунда консенсуса 2
2025-11-09 17:32:24,497 - node_2 - INFO - Предложен блок: Block(hash=3e77ba53bfe33722e4bff89b2014a6448df861397cbdbf94665b97754defc027, leader=2, round=2, shard=1, transactions=9)
2025-11-09 17:32:24,497 - node_2 - DEBUG - Шифрование сообщения: {'type': 'prepare', 'block': {'hash': '3e77ba53bfe33722e4bff89b2014a6448df861397cbdbf94665b97754defc027'}, 'round': 2, 'sender_id': 2}
2025-11-09 17:32:30,405 - node_2 - DEBUG - Отправлен пакет из 1 сообщений узлу 0
2025-11-09 17:32:30,406 - node_2 - DEBUG - Сообщение добавлено в пакет для узла 0
2025-11-09 17:32:30,407 - node_2 - DEBUG - Шифрование сообщения: {'type': 'prepare', 'block': {'hash': '3e77ba53bfe33722e4bff89b2014a6448df861397cbdbf94665b97754defc027'}, 'round': 2, 'sender_id': 2}
2025-11-09 17:32:33,127 - node_2 - DEBUG - Отправлен пакет из 1 сообщений узлу 1
2025-11-09 17:32:33,128 - node_2 - DEBUG - Сообщение добавлено в пакет для узла 1
2025-11-09 17:32:33,129 - node_2 - DEBUG - Шифрование сообщения: {'type': 'prepare', 'block': {'hash': '3e77ba53bfe33722e4bff89b2014a6448df861397cbdbf94665b97754defc027'}, 'round': 2, 'sender_id': 2}
2025-11-09 17:32:34,183 - node_2 - DEBUG - Отправлен пакет из 1 сообщений узлу 3
2025-11-09 17:32:34,185 - node_2 - DEBUG - Сообщение добавлено в пакет для узла 3
2025-11-09 17:32:34,185 - node_2 - DEBUG - Шифрование сообщения: {'type': 'prepare', 'block': {'hash': '3e77ba53bfe33722e4bff89b2014a6448df861397cbdbf94665b97754defc027'}, 'round': 2, 'sender_id': 2}
2025-11-09 17:32:34,189 - node_2 - ERROR - Ошибка при обработке сообщения: 
2025-11-09 17:32:34,194 - node_2 - DEBUG - Отправлен пакет из 1 сообщений узлу 4
2025-11-09 17:32:34,194 - node_2 - DEBUG - Сообщение добавлено в пакет для узла 4
2025-11-09 17:32:34,194 - node_2 - DEBUG - Шифрование сообщения: {'type': 'prepare', 'block': {'hash': '3e77ba53bfe33722e4bff89b2014a6448df861397cbdbf94665b97754defc027'}, 'round': 2, 'sender_id': 2}
2025-11-09 17:32:34,195 - node_2 - DEBUG - Сообщение добавлено в пакет для узла 5
2025-11-09 17:32:39,401 - node_2 - INFO - Запуск раунда консенсуса 3
2025-11-09 17:38:52,951 - node_2 - INFO - Node 2 initialized
2025-11-09 17:38:54,049 - node_2 - INFO - Запуск раунда консенсуса 1
2025-11-09 17:39:00,766 - node_2 - INFO - Запуск раунда консенсуса 2
2025-11-09 17:39:00,767 - node_2 - INFO - Предложен блок: Block(hash=1a0c517cc64291e682bbb977d7ceeaad8ff1eea81e3cc27ec8f3803ed8e7c1f1, leader=2, round=2, shard=1, transactions=1)
2025-11-09 17:39:00,767 - node_2 - DEBUG - Шифрование сообщения: {'type': 'prepare', 'block': {'hash': '1a0c517cc64291e682bbb977d7ceeaad8ff1eea81e3cc27ec8f3803ed8e7c1f1'}, 'round': 2, 'sender_id': 2}
2025-11-09 17:39:02,827 - node_2 - DEBUG - Отправлен пакет из 1 сообщений узлу 0
2025-11-09 17:39:02,827 - node_2 - DEBUG - Сообщение добавлено в пакет для узла 0
2025-11-09 17:39:02,827 - node_2 - DEBUG - Шифрование сообщения: {'type': 'prepare', 'block': {'hash': '1a0c517cc64291e682bbb977d7ceeaad8ff1eea81e3cc27ec8f3803ed8e7c1f1'}, 'round': 2, 'sender_id': 2}
2025-11-09 17:39:04,303 - node_2 - DEBUG - Отправлен пакет из 1 сообщений узлу 1
2025-11-09 17:39:04,303 - node_2 - DEBUG - Сообщение добавлено в пакет для узла 1
2025-11-09 17:39:04,303 - node_2 - DEBUG - Шифрование сообщения: {'type': 'prepare', 'block': {'hash': '1a0c517cc64291e682bbb977d7ceeaad8ff1eea81e3cc27ec8f3803ed8e7c1f1'}, 'round': 2, 'sender_id': 2}
2025-11-09 17:39:04,307 - node_2 - DEBUG - Отправлен пакет из 1 сообщений узлу 3
2025-11-09 17:39:04,307 - node_2 - DEBUG - Сообщение добавлено в пакет для узла 3
2025-11-09 17:39:04,307 - node_2 - DEBUG - Шифрование сообщения: {'type': 'prepare', 'block': {'hash': '1a0c517cc64291e682bbb977d7ceeaad8ff1eea81e3cc27ec8f3803ed8e7c1f1'}, 'round': 2, 'sender_id': 2}
2025-11-09 17:39:04,307 - node_2 - DEBUG - Сообщение добавлено в пакет для узла 4
2025-11-09 17:39:04,307 - node_2 - DEBUG - Шифрование сообщения: {'type': 'prepare', 'block': {'hash': '1a0c517cc64291e682bbb977d7ceeaad8ff1eea81e3cc27ec8f3803ed8e7c1f1'}, 'round': 2, 'sender_id': 2}
2025-11-09 17:39:04,307 - node_2 - DEBUG - Сообщение добавлено в пакет для узла 5
2025-11-09 17:39:08,184 - node_2 - INFO - Запуск раунда консенсуса 3
2025-11-09 17:39:12,672 - node_2 - INFO - Запуск раунда консенсуса 4
2025-11-09 17:39:16,524 - node_2 - INFO - Запуск раунда консенсуса 5
2025-11-09 17:39:21,381 - node_2 - INFO - Запуск раунда консенсуса 6
2025-11-09 17:39:23,216 - node_2 - ERROR - Ошибка при обработке сообщения: 
2025-11-09 17:39:28,441 - node_2 - INFO - Node 2 initialized
2025-11-09 17:39:29,526 - node_2 - INFO - Запуск раунда консенсуса 1
2025-11-09 17:39:35,390 - node_2 - INFO - Запуск раунда консенсуса 2
2025-11-09 17:39:35,390 - node_2 - INFO - Предложен блок: Block(hash=ff3d4d1ce06b878d197cd738fe86c4ea1e4fc43c07f7d9b1144f19e942efeb09, leader=2, round=2, shard=1, transactions=8)
2025-11-09 17:39:35,390 - node_2 - DEBUG - Шифрование сообщения: {'type': 'prepare', 'block': {'hash': 'ff3d4d1ce06b878d197cd738fe86c4ea1e4fc43c07f7d9b1144f19e942efeb09'}, 'round': 2, 'sender_id': 2}
