2025-11-09 03:42:34,448 - node_1 - INFO - Node 1 initialized
2025-11-09 03:42:35,499 - node_1 - INFO - Running consensus round 1
2025-11-09 03:42:35,499 - node_1 - INFO - Proposed block: Block(hash=5f90461bf57d28ba59a02a83aba4df060b8008ce80df110a039e97dc307e9aee, leader=1, round=1, shard=0, transactions=4)
2025-11-09 03:42:35,502 - node_1 - DEBUG - Sent batch of 1 messages to Node 0
2025-11-09 03:42:41,504 - node_1 - INFO - Running consensus round 2
2025-11-09 03:42:41,505 - node_1 - ERROR - Error processing message: 
2025-11-09 03:42:44,974 - node_1 - INFO - Running consensus round 3
2025-11-09 03:42:45,396 - node_1 - ERROR - Error processing message: 
2025-11-09 03:45:34,233 - node_1 - INFO - Node 1 initialized
2025-11-09 03:45:35,298 - node_1 - INFO - Running consensus round 1
2025-11-09 03:45:35,298 - node_1 - INFO - Proposed block: Block(hash=2ec0ae449c36b763fe074908b2d2133a8a7f9a16abf15f49642a46c180baa827, leader=1, round=1, shard=0, transactions=5)
2025-11-09 03:45:35,303 - node_1 - DEBUG - Sent batch of 1 messages to Node 0
2025-11-09 03:45:41,405 - node_1 - INFO - Running consensus round 2
2025-11-09 03:45:41,422 - node_1 - ERROR - Error processing message: 
2025-11-09 03:45:44,986 - node_1 - INFO - Running consensus round 3
2025-11-09 03:45:48,553 - node_1 - INFO - Running consensus round 4
2025-11-09 03:45:52,088 - node_1 - INFO - Running consensus round 5
2025-11-09 03:45:53,818 - node_1 - ERROR - Error processing message: 
2025-11-09 03:45:55,739 - node_1 - INFO - Running consensus round 6
2025-11-09 03:45:59,776 - node_1 - INFO - Running consensus round 7
2025-11-09 03:45:59,776 - node_1 - INFO - Proposed block: Block(hash=33156992385540c20ad54ba03b8b4aa49fe056298bcbd9117c1df6e18a01c360, leader=1, round=7, shard=0, transactions=6)
2025-11-09 03:46:00,352 - node_1 - DEBUG - Sent batch of 1 messages to Node 2
2025-11-09 03:46:00,354 - node_1 - DEBUG - Sent batch of 1 messages to Node 3
2025-11-09 03:46:00,354 - node_1 - DEBUG - Sent batch of 1 messages to Node 4
2025-11-09 03:46:00,355 - node_1 - DEBUG - Sent batch of 1 messages to Node 5
2025-11-09 03:46:00,356 - node_1 - DEBUG - Sent batch of 1 messages to Node 0
2025-11-09 03:46:00,357 - node_1 - DEBUG - Sent batch of 1 messages to Node 2
2025-11-09 03:46:04,455 - node_1 - INFO - Running consensus round 8
2025-11-09 03:46:06,888 - node_1 - ERROR - Error processing message: 
2025-11-09 03:46:06,923 - node_1 - ERROR - Error processing message: 
2025-11-09 03:46:08,074 - node_1 - INFO - Running consensus round 9
2025-11-09 03:46:11,956 - node_1 - INFO - Running consensus round 10
2025-11-09 03:46:11,956 - node_1 - ERROR - Error processing message: 
2025-11-09 03:46:12,575 - node_1 - ERROR - Error processing message: 
2025-11-09 03:46:13,272 - node_1 - ERROR - Error processing message: 
2025-11-09 03:46:15,998 - node_1 - INFO - Running consensus round 11
2025-11-09 03:46:18,355 - node_1 - ERROR - Error processing message: 
2025-11-09 03:46:19,953 - node_1 - INFO - Running consensus round 12
2025-11-09 03:46:23,619 - node_1 - INFO - Running consensus round 13
2025-11-09 03:46:23,620 - node_1 - INFO - Proposed block: Block(hash=2d6cfb5088de5d8bd7c5237e1c9b05024068f624a92e90b73c66537867044022, leader=1, round=13, shard=0, transactions=9)
2025-11-09 03:46:23,623 - node_1 - DEBUG - Sent batch of 1 messages to Node 3
2025-11-09 03:46:23,635 - node_1 - DEBUG - Sent batch of 1 messages to Node 4
2025-11-09 03:46:23,638 - node_1 - DEBUG - Sent batch of 1 messages to Node 5
2025-11-09 03:46:23,654 - node_1 - DEBUG - Sent batch of 1 messages to Node 0
2025-11-09 17:30:38,194 - node_1 - INFO - Node 1 initialized
2025-11-09 17:30:39,329 - node_1 - INFO - Запуск раунда консенсуса 1
2025-11-09 17:30:39,329 - node_1 - INFO - Предложен блок: Block(hash=77c4f080f61155562880cad5d98c95bead9d56eefc264ee7e6f4522b5ffce5db, leader=1, round=1, shard=0, transactions=8)
2025-11-09 17:30:39,329 - node_1 - DEBUG - Шифрование сообщения: {'type': 'prepare', 'block': {'hash': '77c4f080f61155562880cad5d98c95bead9d56eefc264ee7e6f4522b5ffce5db'}, 'round': 1, 'sender_id': 1}
2025-11-09 17:30:39,336 - node_1 - DEBUG - Отправлен пакет из 1 сообщений узлу 0
2025-11-09 17:30:39,337 - node_1 - DEBUG - Сообщение добавлено в пакет для узла 0
2025-11-09 17:30:39,337 - node_1 - DEBUG - Шифрование сообщения: {'type': 'prepare', 'block': {'hash': '77c4f080f61155562880cad5d98c95bead9d56eefc264ee7e6f4522b5ffce5db'}, 'round': 1, 'sender_id': 1}
2025-11-09 17:30:39,337 - node_1 - DEBUG - Сообщение добавлено в пакет для узла 2
2025-11-09 17:30:39,337 - node_1 - DEBUG - Шифрование сообщения: {'type': 'prepare', 'block': {'hash': '77c4f080f61155562880cad5d98c95bead9d56eefc264ee7e6f4522b5ffce5db'}, 'round': 1, 'sender_id': 1}
2025-11-09 17:30:39,337 - node_1 - DEBUG - Сообщение добавлено в пакет для узла 3
2025-11-09 17:30:39,337 - node_1 - DEBUG - Шифрование сообщения: {'type': 'prepare', 'block': {'hash': '77c4f080f61155562880cad5d98c95bead9d56eefc264ee7e6f4522b5ffce5db'}, 'round': 1, 'sender_id': 1}
2025-11-09 17:30:39,337 - node_1 - DEBUG - Сообщение добавлено в пакет для узла 4
2025-11-09 17:30:39,338 - node_1 - DEBUG - Шифрование сообщения: {'type': 'prepare', 'block': {'hash': '77c4f080f61155562880cad5d98c95bead9d56eefc264ee7e6f4522b5ffce5db'}, 'round': 1, 'sender_id': 1}
2025-11-09 17:30:39,338 - node_1 - DEBUG - Сообщение добавлено в пакет для узла 5
2025-11-09 17:30:47,534 - node_1 - INFO - Запуск раунда консенсуса 2
2025-11-09 17:30:49,749 - node_1 - ERROR - Ошибка при обработке сообщения: 
2025-11-09 17:30:51,315 - node_1 - INFO - Запуск раунда консенсуса 3
2025-11-09 17:30:51,956 - node_1 - ERROR - Ошибка при обработке сообщения: 
2025-11-09 17:30:55,097 - node_1 - INFO - Запуск раунда консенсуса 4
2025-11-09 17:30:59,477 - node_1 - INFO - Запуск раунда консенсуса 5
2025-11-09 17:31:00,877 - node_1 - ERROR - Ошибка при обработке сообщения: 
2025-11-09 17:31:00,877 - node_1 - ERROR - Ошибка при обработке сообщения: 
2025-11-09 17:31:03,219 - node_1 - INFO - Запуск раунда консенсуса 6
2025-11-09 17:31:07,336 - node_1 - INFO - Запуск раунда консенсуса 7
2025-11-09 17:31:07,336 - node_1 - INFO - Предложен блок: Block(hash=4275f5158cef7201132c96645cddde48243cae3a97c09988cdd9905b2cbb8216, leader=1, round=7, shard=0, transactions=9)
2025-11-09 17:31:07,336 - node_1 - DEBUG - Шифрование сообщения: {'type': 'prepare', 'block': {'hash': '4275f5158cef7201132c96645cddde48243cae3a97c09988cdd9905b2cbb8216'}, 'round': 7, 'sender_id': 1}
2025-11-09 17:31:10,031 - node_1 - DEBUG - Отправлен пакет из 1 сообщений узлу 2
2025-11-09 17:31:12,177 - node_1 - DEBUG - Отправлен пакет из 1 сообщений узлу 3
2025-11-09 17:31:12,178 - node_1 - DEBUG - Отправлен пакет из 1 сообщений узлу 4
2025-11-09 17:31:12,179 - node_1 - DEBUG - Отправлен пакет из 1 сообщений узлу 5
2025-11-09 17:31:12,180 - node_1 - DEBUG - Отправлен пакет из 1 сообщений узлу 0
2025-11-09 17:31:12,180 - node_1 - DEBUG - Сообщение добавлено в пакет для узла 0
2025-11-09 17:31:12,180 - node_1 - DEBUG - Шифрование сообщения: {'type': 'prepare', 'block': {'hash': '4275f5158cef7201132c96645cddde48243cae3a97c09988cdd9905b2cbb8216'}, 'round': 7, 'sender_id': 1}
2025-11-09 17:31:12,181 - node_1 - DEBUG - Отправлен пакет из 1 сообщений узлу 2
2025-11-09 17:31:12,181 - node_1 - DEBUG - Сообщение добавлено в пакет для узла 2
2025-11-09 17:31:12,182 - node_1 - DEBUG - Шифрование сообщения: {'type': 'prepare', 'block': {'hash': '4275f5158cef7201132c96645cddde48243cae3a97c09988cdd9905b2cbb8216'}, 'round': 7, 'sender_id': 1}
2025-11-09 17:31:12,182 - node_1 - DEBUG - Сообщение добавлено в пакет для узла 3
2025-11-09 17:31:12,182 - node_1 - DEBUG - Шифрование сообщения: {'type': 'prepare', 'block': {'hash': '4275f5158cef7201132c96645cddde48243cae3a97c09988cdd9905b2cbb8216'}, 'round': 7, 'sender_id': 1}
2025-11-09 17:31:12,182 - node_1 - DEBUG - Сообщение добавлено в пакет для узла 4
2025-11-09 17:31:12,182 - node_1 - DEBUG - Шифрование сообщения: {'type': 'prepare', 'block': {'hash': '4275f5158cef7201132c96645cddde48243cae3a97c09988cdd9905b2cbb8216'}, 'round': 7, 'sender_id': 1}
2025-11-09 17:31:12,183 - node_1 - DEBUG - Сообщение добавлено в пакет для узла 5
2025-11-09 17:31:16,275 - node_1 - INFO - Запуск раунда консенсуса 8
2025-11-09 17:31:18,425 - node_1 - ERROR - Ошибка при обработке сообщения: 
2025-11-09 17:31:18,427 - node_1 - ERROR - Ошибка при обработке сообщения: 
2025-11-09 17:31:20,037 - node_1 - INFO - Запуск раунда консенсуса 9
2025-11-09 17:31:20,037 - node_1 - ERROR - Ошибка при обработке сообщения: 
2025-11-09 17:31:20,043 - node_1 - ERROR - Ошибка при обработке сообщения: 
2025-11-09 17:31:25,635 - node_1 - INFO - Запуск раунда консенсуса 10
2025-11-09 17:31:29,985 - node_1 - INFO - Запуск раунда консенсуса 11
2025-11-09 17:31:29,990 - node_1 - ERROR - Ошибка при обработке сообщения: 
2025-11-09 17:31:29,994 - node_1 - ERROR - Ошибка при обработке сообщения: 
2025-11-09 17:31:35,695 - node_1 - INFO - Запуск раунда консенсуса 12
2025-11-09 17:31:40,777 - node_1 - INFO - Запуск раунда консенсуса 13
2025-11-09 17:31:40,777 - node_1 - INFO - Предложен блок: Block(hash=435eeee8240f3528949e1aeccd3dec681d029378cab3c7dfae7e47a4ec481ef5, leader=1, round=13, shard=0, transactions=4)
2025-11-09 17:31:40,777 - node_1 - DEBUG - Шифрование сообщения: {'type': 'prepare', 'block': {'hash': '435eeee8240f3528949e1aeccd3dec681d029378cab3c7dfae7e47a4ec481ef5'}, 'round': 13, 'sender_id': 1}
2025-11-09 17:31:43,657 - node_1 - DEBUG - Отправлен пакет из 1 сообщений узлу 3
2025-11-09 17:31:44,405 - node_1 - DEBUG - Отправлен пакет из 1 сообщений узлу 4
2025-11-09 17:31:44,406 - node_1 - DEBUG - Отправлен пакет из 1 сообщений узлу 5
2025-11-09 17:31:44,407 - node_1 - DEBUG - Отправлен пакет из 1 сообщений узлу 0
2025-11-09 17:31:44,407 - node_1 - DEBUG - Сообщение добавлено в пакет для узла 0
2025-11-09 17:31:44,407 - node_1 - DEBUG - Шифрование сообщения: {'type': 'prepare', 'block': {'hash': '435eeee8240f3528949e1aeccd3dec681d029378cab3c7dfae7e47a4ec481ef5'}, 'round': 13, 'sender_id': 1}
2025-11-09 17:31:44,409 - node_1 - DEBUG - Отправлен пакет из 1 сообщений узлу 2
2025-11-09 17:31:44,409 - node_1 - DEBUG - Сообщение добавлено в пакет для узла 2
2025-11-09 17:31:44,409 - node_1 - DEBUG - Шифрование сообщения: {'type': 'prepare', 'block': {'hash': '435eeee8240f3528949e1aeccd3dec681d029378cab3c7dfae7e47a4ec481ef5'}, 'round': 13, 'sender_id': 1}
2025-11-09 17:31:44,409 - node_1 - DEBUG - Сообщение добавлено в пакет для узла 3
2025-11-09 17:31:44,409 - node_1 - DEBUG - Шифрование сообщения: {'type': 'prepare', 'block': {'hash': '435eeee8240f3528949e1aeccd3dec681d029378cab3c7dfae7e47a4ec481ef5'}, 'round': 13, 'sender_id': 1}
2025-11-09 17:31:44,410 - node_1 - DEBUG - Сообщение добавлено в пакет для узла 4
2025-11-09 17:31:44,410 - node_1 - DEBUG - Шифрование сообщения: {'type': 'prepare', 'block': {'hash': '435eeee8240f3528949e1aeccd3dec681d029378cab3c7dfae7e47a4ec481ef5'}, 'round': 13, 'sender_id': 1}
2025-11-09 17:31:44,410 - node_1 - DEBUG - Сообщение добавлено в пакет для узла 5
2025-11-09 17:31:49,008 - node_1 - INFO - Запуск раунда консенсуса 14
2025-11-09 17:31:49,024 - node_1 - ERROR - Ошибка при обработке сообщения: 
2025-11-09 17:31:49,026 - node_1 - ERROR - Ошибка при обработке сообщения: 
2025-11-09 17:31:49,027 - node_1 - ERROR - Ошибка при обработке сообщения: 
2025-11-09 17:31:53,625 - node_1 - INFO - Запуск раунда консенсуса 15
2025-11-09 17:31:58,213 - node_1 - INFO - Запуск раунда консенсуса 16
2025-11-09 17:32:00,690 - node_1 - ERROR - Ошибка при обработке сообщения: 
2025-11-09 17:32:00,693 - node_1 - ERROR - Ошибка при обработке сообщения: 
2025-11-09 17:32:02,023 - node_1 - INFO - Запуск раунда консенсуса 17
2025-11-09 17:32:07,144 - node_1 - INFO - Запуск раунда консенсуса 18
2025-11-09 17:32:18,266 - node_1 - INFO - Node 1 initialized
2025-11-09 17:32:19,356 - node_1 - INFO - Запуск раунда консенсуса 1
2025-11-09 17:32:19,356 - node_1 - INFO - Предложен блок: Block(hash=892603079c6a36ae25a8bbbc303c0b27c8341e6e32ba47793ac008f1c6043dfd, leader=1, round=1, shard=0, transactions=9)
2025-11-09 17:32:19,357 - node_1 - DEBUG - Шифрование сообщения: {'type': 'prepare', 'block': {'hash': '892603079c6a36ae25a8bbbc303c0b27c8341e6e32ba47793ac008f1c6043dfd'}, 'round': 1, 'sender_id': 1}
2025-11-09 17:32:19,378 - node_1 - DEBUG - Отправлен пакет из 1 сообщений узлу 0
2025-11-09 17:32:19,378 - node_1 - DEBUG - Сообщение добавлено в пакет для узла 0
2025-11-09 17:32:19,378 - node_1 - DEBUG - Шифрование сообщения: {'type': 'prepare', 'block': {'hash': '892603079c6a36ae25a8bbbc303c0b27c8341e6e32ba47793ac008f1c6043dfd'}, 'round': 1, 'sender_id': 1}
2025-11-09 17:32:19,380 - node_1 - DEBUG - Сообщение добавлено в пакет для узла 2
2025-11-09 17:32:19,380 - node_1 - DEBUG - Шифрование сообщения: {'type': 'prepare', 'block': {'hash': '892603079c6a36ae25a8bbbc303c0b27c8341e6e32ba47793ac008f1c6043dfd'}, 'round': 1, 'sender_id': 1}
2025-11-09 17:32:19,380 - node_1 - DEBUG - Сообщение добавлено в пакет для узла 3
2025-11-09 17:32:19,380 - node_1 - DEBUG - Шифрование сообщения: {'type': 'prepare', 'block': {'hash': '892603079c6a36ae25a8bbbc303c0b27c8341e6e32ba47793ac008f1c6043dfd'}, 'round': 1, 'sender_id': 1}
2025-11-09 17:32:19,380 - node_1 - DEBUG - Сообщение добавлено в пакет для узла 4
2025-11-09 17:32:19,381 - node_1 - DEBUG - Шифрование сообщения: {'type': 'prepare', 'block': {'hash': '892603079c6a36ae25a8bbbc303c0b27c8341e6e32ba47793ac008f1c6043dfd'}, 'round': 1, 'sender_id': 1}
2025-11-09 17:32:19,381 - node_1 - DEBUG - Сообщение добавлено в пакет для узла 5
2025-11-09 17:32:28,503 - node_1 - INFO - Запуск раунда консенсуса 2
2025-11-09 17:32:33,126 - node_1 - INFO - Запуск раунда консенсуса 3
2025-11-09 17:32:33,127 - node_1 - ERROR - Ошибка при обработке сообщения: 
2025-11-09 17:32:34,179 - node_1 - ERROR - Ошибка при обработке сообщения: 
2025-11-09 17:32:37,459 - node_1 - INFO - Запуск раунда консенсуса 4
2025-11-09 17:32:42,592 - node_1 - INFO - Запуск раунда консенсуса 5
2025-11-09 17:38:52,950 - node_1 - INFO - Node 1 initialized
2025-11-09 17:38:54,052 - node_1 - INFO - Запуск раунда консенсуса 1
2025-11-09 17:38:54,052 - node_1 - INFO - Предложен блок: Block(hash=dda6084d99294669b21db8486a4d9038df5793844464be426f0e2a8221289081, leader=1, round=1, shard=0, transactions=5)
2025-11-09 17:38:54,053 - node_1 - DEBUG - Шифрование сообщения: {'type': 'prepare', 'block': {'hash': 'dda6084d99294669b21db8486a4d9038df5793844464be426f0e2a8221289081'}, 'round': 1, 'sender_id': 1}
2025-11-09 17:38:54,058 - node_1 - DEBUG - Отправлен пакет из 1 сообщений узлу 0
2025-11-09 17:38:54,058 - node_1 - DEBUG - Сообщение добавлено в пакет для узла 0
2025-11-09 17:38:54,058 - node_1 - DEBUG - Шифрование сообщения: {'type': 'prepare', 'block': {'hash': 'dda6084d99294669b21db8486a4d9038df5793844464be426f0e2a8221289081'}, 'round': 1, 'sender_id': 1}
2025-11-09 17:38:54,059 - node_1 - DEBUG - Сообщение добавлено в пакет для узла 2
2025-11-09 17:38:54,059 - node_1 - DEBUG - Шифрование сообщения: {'type': 'prepare', 'block': {'hash': 'dda6084d99294669b21db8486a4d9038df5793844464be426f0e2a8221289081'}, 'round': 1, 'sender_id': 1}
2025-11-09 17:38:54,059 - node_1 - DEBUG - Сообщение добавлено в пакет для узла 3
2025-11-09 17:38:54,059 - node_1 - DEBUG - Шифрование сообщения: {'type': 'prepare', 'block': {'hash': 'dda6084d99294669b21db8486a4d9038df5793844464be426f0e2a8221289081'}, 'round': 1, 'sender_id': 1}
2025-11-09 17:38:54,059 - node_1 - DEBUG - Сообщение добавлено в пакет для узла 4
2025-11-09 17:38:54,060 - node_1 - DEBUG - Шифрование сообщения: {'type': 'prepare', 'block': {'hash': 'dda6084d99294669b21db8486a4d9038df5793844464be426f0e2a8221289081'}, 'round': 1, 'sender_id': 1}
2025-11-09 17:38:54,060 - node_1 - DEBUG - Сообщение добавлено в пакет для узла 5
2025-11-09 17:38:59,345 - node_1 - INFO - Запуск раунда консенсуса 2
2025-11-09 17:39:03,538 - node_1 - INFO - Запуск раунда консенсуса 3
2025-11-09 17:39:04,303 - node_1 - ERROR - Ошибка при обработке сообщения: 
2025-11-09 17:39:07,383 - node_1 - INFO - Запуск раунда консенсуса 4
2025-11-09 17:39:11,999 - node_1 - INFO - Запуск раунда консенсуса 5
2025-11-09 17:39:13,361 - node_1 - ERROR - Ошибка при обработке сообщения: 
2025-11-09 17:39:13,363 - node_1 - ERROR - Ошибка при обработке сообщения: 
2025-11-09 17:39:14,399 - node_1 - ERROR - Ошибка при обработке сообщения: 
2025-11-09 17:39:15,778 - node_1 - INFO - Запуск раунда консенсуса 6
2025-11-09 17:39:20,555 - node_1 - INFO - Запуск раунда консенсуса 7
2025-11-09 17:39:20,555 - node_1 - INFO - Предложен блок: Block(hash=ff07b48836ae5a2d55875ca61e4e016e547ad7e97f700e1a3ace877210c12adf, leader=1, round=7, shard=0, transactions=2)
2025-11-09 17:39:20,555 - node_1 - DEBUG - Шифрование сообщения: {'type': 'prepare', 'block': {'hash': 'ff07b48836ae5a2d55875ca61e4e016e547ad7e97f700e1a3ace877210c12adf'}, 'round': 7, 'sender_id': 1}
2025-11-09 17:39:23,216 - node_1 - DEBUG - Отправлен пакет из 1 сообщений узлу 2
2025-11-09 17:39:28,440 - node_1 - INFO - Node 1 initialized
2025-11-09 17:39:29,527 - node_1 - INFO - Запуск раунда консенсуса 1
2025-11-09 17:39:29,527 - node_1 - INFO - Предложен блок: Block(hash=c630b1b3ba513c888bec80aeeaf6ac3fa2abc0d32dbca1aab22f1b038ef1cb24, leader=1, round=1, shard=0, transactions=1)
2025-11-09 17:39:29,528 - node_1 - DEBUG - Шифрование сообщения: {'type': 'prepare', 'block': {'hash': 'c630b1b3ba513c888bec80aeeaf6ac3fa2abc0d32dbca1aab22f1b038ef1cb24'}, 'round': 1, 'sender_id': 1}
2025-11-09 17:39:29,537 - node_1 - DEBUG - Отправлен пакет из 1 сообщений узлу 0
2025-11-09 17:39:29,537 - node_1 - DEBUG - Сообщение добавлено в пакет для узла 0
2025-11-09 17:39:29,537 - node_1 - DEBUG - Шифрование сообщения: {'type': 'prepare', 'block': {'hash': 'c630b1b3ba513c888bec80aeeaf6ac3fa2abc0d32dbca1aab22f1b038ef1cb24'}, 'round': 1, 'sender_id': 1}
2025-11-09 17:39:29,538 - node_1 - DEBUG - Сообщение добавлено в пакет для узла 2
2025-11-09 17:39:29,538 - node_1 - DEBUG - Шифрование сообщения: {'type': 'prepare', 'block': {'hash': 'c630b1b3ba513c888bec80aeeaf6ac3fa2abc0d32dbca1aab22f1b038ef1cb24'}, 'round': 1, 'sender_id': 1}
2025-11-09 17:39:29,539 - node_1 - DEBUG - Сообщение добавлено в пакет для узла 3
2025-11-09 17:39:29,542 - node_1 - DEBUG - Шифрование сообщения: {'type': 'prepare', 'block': {'hash': 'c630b1b3ba513c888bec80aeeaf6ac3fa2abc0d32dbca1aab22f1b038ef1cb24'}, 'round': 1, 'sender_id': 1}
2025-11-09 17:39:29,542 - node_1 - DEBUG - Сообщение добавлено в пакет для узла 4
2025-11-09 17:39:29,543 - node_1 - DEBUG - Шифрование сообщения: {'type': 'prepare', 'block': {'hash': 'c630b1b3ba513c888bec80aeeaf6ac3fa2abc0d32dbca1aab22f1b038ef1cb24'}, 'round': 1, 'sender_id': 1}
2025-11-09 17:39:29,543 - node_1 - DEBUG - Сообщение добавлено в пакет для узла 5
2025-11-09 17:39:38,283 - node_1 - INFO - Запуск раунда консенсуса 2
