2025-11-09 03:42:34,447 - node_0 - INFO - Node 0 initialized
2025-11-09 03:42:35,499 - node_0 - INFO - Running consensus round 1
2025-11-09 03:42:35,502 - node_0 - ERROR - Error processing message: 
2025-11-09 03:42:39,082 - node_0 - INFO - Running consensus round 2
2025-11-09 03:42:41,504 - node_0 - ERROR - Error processing message: 
2025-11-09 03:42:42,500 - node_0 - INFO - Running consensus round 3
2025-11-09 03:42:45,395 - node_0 - ERROR - Error processing message: 
2025-11-09 03:42:45,933 - node_0 - INFO - Running consensus round 4
2025-11-09 03:45:34,232 - node_0 - INFO - Node 0 initialized
2025-11-09 03:45:35,296 - node_0 - INFO - Running consensus round 1
2025-11-09 03:45:35,302 - node_0 - ERROR - Error processing message: 
2025-11-09 03:45:38,806 - node_0 - INFO - Running consensus round 2
2025-11-09 03:45:41,408 - node_0 - ERROR - Error processing message: 
2025-11-09 03:45:42,335 - node_0 - INFO - Running consensus round 3
2025-11-09 03:45:44,360 - node_0 - ERROR - Error processing message: 
2025-11-09 03:45:46,031 - node_0 - INFO - Running consensus round 4
2025-11-09 03:45:47,337 - node_0 - ERROR - Error processing message: 
2025-11-09 03:45:49,652 - node_0 - INFO - Running consensus round 5
2025-11-09 03:45:50,240 - node_0 - ERROR - Error processing message: 
2025-11-09 03:45:53,262 - node_0 - INFO - Running consensus round 6
2025-11-09 03:45:53,263 - node_0 - INFO - Proposed block: Block(hash=57bd154125523aceac17b361895073e4a03cc0248dd29e4c5d4ff2c738d2d506, leader=0, round=6, shard=0, transactions=1)
2025-11-09 03:45:53,818 - node_0 - DEBUG - Sent batch of 1 messages to Node 1
2025-11-09 03:45:53,819 - node_0 - DEBUG - Sent batch of 1 messages to Node 2
2025-11-09 03:45:57,392 - node_0 - INFO - Running consensus round 7
2025-11-09 03:46:00,356 - node_0 - ERROR - Error processing message: 
2025-11-09 03:46:01,092 - node_0 - INFO - Running consensus round 8
2025-11-09 03:46:05,240 - node_0 - INFO - Running consensus round 9
2025-11-09 03:46:06,920 - node_0 - ERROR - Error processing message: 
2025-11-09 03:46:06,924 - node_0 - ERROR - Error processing message: 
2025-11-09 03:46:08,865 - node_0 - INFO - Running consensus round 10
2025-11-09 03:46:12,542 - node_0 - INFO - Running consensus round 11
2025-11-09 03:46:12,560 - node_0 - ERROR - Error processing message: 
2025-11-09 03:46:13,302 - node_0 - ERROR - Error processing message: 
2025-11-09 03:46:16,585 - node_0 - INFO - Running consensus round 12
2025-11-09 03:46:16,585 - node_0 - INFO - Proposed block: Block(hash=c0a35a9ec59799c2639f971fe521714e138370e327a0cfcb41bb8b69c62e46b9, leader=0, round=12, shard=0, transactions=6)
2025-11-09 03:46:18,351 - node_0 - DEBUG - Sent batch of 1 messages to Node 3
2025-11-09 03:46:18,352 - node_0 - DEBUG - Sent batch of 1 messages to Node 4
2025-11-09 03:46:18,354 - node_0 - DEBUG - Sent batch of 1 messages to Node 5
2025-11-09 03:46:18,356 - node_0 - DEBUG - Sent batch of 1 messages to Node 1
2025-11-09 03:46:18,925 - node_0 - DEBUG - Sent batch of 1 messages to Node 2
2025-11-09 03:46:18,927 - node_0 - DEBUG - Sent batch of 1 messages to Node 3
2025-11-09 03:46:23,057 - node_0 - INFO - Running consensus round 13
2025-11-09 03:46:23,654 - node_0 - ERROR - Error processing message: 
2025-11-09 17:30:38,192 - node_0 - INFO - Node 0 initialized
2025-11-09 17:30:39,328 - node_0 - INFO - Запуск раунда консенсуса 1
2025-11-09 17:30:39,336 - node_0 - ERROR - Ошибка при обработке сообщения: 
2025-11-09 17:30:43,566 - node_0 - INFO - Запуск раунда консенсуса 2
2025-11-09 17:30:48,258 - node_0 - INFO - Запуск раунда консенсуса 3
2025-11-09 17:30:49,748 - node_0 - ERROR - Ошибка при обработке сообщения: 
2025-11-09 17:30:51,955 - node_0 - INFO - Запуск раунда консенсуса 4
2025-11-09 17:30:51,955 - node_0 - ERROR - Ошибка при обработке сообщения: 
2025-11-09 17:30:54,200 - node_0 - ERROR - Ошибка при обработке сообщения: 
2025-11-09 17:30:56,431 - node_0 - INFO - Запуск раунда консенсуса 5
2025-11-09 17:30:59,478 - node_0 - ERROR - Ошибка при обработке сообщения: 
2025-11-09 17:31:00,875 - node_0 - INFO - Запуск раунда консенсуса 6
2025-11-09 17:31:00,875 - node_0 - INFO - Предложен блок: Block(hash=6459883c37f41c93ab53357aa6288aaed2a18c4abc24952ae513b74b6579d313, leader=0, round=6, shard=0, transactions=9)
2025-11-09 17:31:00,876 - node_0 - DEBUG - Шифрование сообщения: {'type': 'prepare', 'block': {'hash': '6459883c37f41c93ab53357aa6288aaed2a18c4abc24952ae513b74b6579d313'}, 'round': 6, 'sender_id': 0}
2025-11-09 17:31:00,878 - node_0 - DEBUG - Отправлен пакет из 1 сообщений узлу 1
2025-11-09 17:31:00,879 - node_0 - DEBUG - Сообщение добавлено в пакет для узла 1
2025-11-09 17:31:00,879 - node_0 - DEBUG - Шифрование сообщения: {'type': 'prepare', 'block': {'hash': '6459883c37f41c93ab53357aa6288aaed2a18c4abc24952ae513b74b6579d313'}, 'round': 6, 'sender_id': 0}
2025-11-09 17:31:00,879 - node_0 - DEBUG - Сообщение добавлено в пакет для узла 2
2025-11-09 17:31:00,879 - node_0 - DEBUG - Шифрование сообщения: {'type': 'prepare', 'block': {'hash': '6459883c37f41c93ab53357aa6288aaed2a18c4abc24952ae513b74b6579d313'}, 'round': 6, 'sender_id': 0}
2025-11-09 17:31:00,879 - node_0 - DEBUG - Сообщение добавлено в пакет для узла 3
2025-11-09 17:31:00,879 - node_0 - DEBUG - Шифрование сообщения: {'type': 'prepare', 'block': {'hash': '6459883c37f41c93ab53357aa6288aaed2a18c4abc24952ae513b74b6579d313'}, 'round': 6, 'sender_id': 0}
2025-11-09 17:31:00,879 - node_0 - DEBUG - Сообщение добавлено в пакет для узла 4
2025-11-09 17:31:00,880 - node_0 - DEBUG - Шифрование сообщения: {'type': 'prepare', 'block': {'hash': '6459883c37f41c93ab53357aa6288aaed2a18c4abc24952ae513b74b6579d313'}, 'round': 6, 'sender_id': 0}
2025-11-09 17:31:00,880 - node_0 - DEBUG - Сообщение добавлено в пакет для узла 5
2025-11-09 17:31:05,265 - node_0 - INFO - Запуск раунда консенсуса 7
2025-11-09 17:31:10,030 - node_0 - INFO - Запуск раунда консенсуса 8
2025-11-09 17:31:12,180 - node_0 - ERROR - Ошибка при обработке сообщения: 
2025-11-09 17:31:13,766 - node_0 - INFO - Запуск раунда консенсуса 9
2025-11-09 17:31:18,416 - node_0 - INFO - Запуск раунда консенсуса 10
2025-11-09 17:31:18,423 - node_0 - ERROR - Ошибка при обработке сообщения: 
2025-11-09 17:31:18,424 - node_0 - ERROR - Ошибка при обработке сообщения: 
2025-11-09 17:31:20,042 - node_0 - ERROR - Ошибка при обработке сообщения: 
2025-11-09 17:31:22,114 - node_0 - INFO - Запуск раунда консенсуса 11
2025-11-09 17:31:27,061 - node_0 - INFO - Запуск раунда консенсуса 12
2025-11-09 17:31:27,062 - node_0 - INFO - Предложен блок: Block(hash=d0e97cd5e9c0e406eaef232262d164ac449287d94dda0ff7a51223ae61170173, leader=0, round=12, shard=0, transactions=7)
2025-11-09 17:31:27,062 - node_0 - DEBUG - Шифрование сообщения: {'type': 'prepare', 'block': {'hash': 'd0e97cd5e9c0e406eaef232262d164ac449287d94dda0ff7a51223ae61170173'}, 'round': 12, 'sender_id': 0}
2025-11-09 17:31:29,261 - node_0 - DEBUG - Отправлен пакет из 1 сообщений узлу 2
2025-11-09 17:31:29,987 - node_0 - DEBUG - Отправлен пакет из 1 сообщений узлу 3
2025-11-09 17:31:29,988 - node_0 - ERROR - Ошибка при обработке сообщения: 
2025-11-09 17:31:29,989 - node_0 - DEBUG - Отправлен пакет из 1 сообщений узлу 4
2025-11-09 17:31:29,992 - node_0 - DEBUG - Отправлен пакет из 1 сообщений узлу 5
2025-11-09 17:31:29,994 - node_0 - DEBUG - Отправлен пакет из 1 сообщений узлу 1
2025-11-09 17:31:29,994 - node_0 - DEBUG - Сообщение добавлено в пакет для узла 1
2025-11-09 17:31:29,994 - node_0 - DEBUG - Шифрование сообщения: {'type': 'prepare', 'block': {'hash': 'd0e97cd5e9c0e406eaef232262d164ac449287d94dda0ff7a51223ae61170173'}, 'round': 12, 'sender_id': 0}
2025-11-09 17:31:29,996 - node_0 - DEBUG - Отправлен пакет из 1 сообщений узлу 2
2025-11-09 17:31:29,996 - node_0 - DEBUG - Сообщение добавлено в пакет для узла 2
2025-11-09 17:31:29,996 - node_0 - DEBUG - Шифрование сообщения: {'type': 'prepare', 'block': {'hash': 'd0e97cd5e9c0e406eaef232262d164ac449287d94dda0ff7a51223ae61170173'}, 'round': 12, 'sender_id': 0}
2025-11-09 17:31:29,996 - node_0 - DEBUG - Сообщение добавлено в пакет для узла 3
2025-11-09 17:31:29,996 - node_0 - DEBUG - Шифрование сообщения: {'type': 'prepare', 'block': {'hash': 'd0e97cd5e9c0e406eaef232262d164ac449287d94dda0ff7a51223ae61170173'}, 'round': 12, 'sender_id': 0}
2025-11-09 17:31:29,996 - node_0 - DEBUG - Сообщение добавлено в пакет для узла 4
2025-11-09 17:31:29,996 - node_0 - DEBUG - Шифрование сообщения: {'type': 'prepare', 'block': {'hash': 'd0e97cd5e9c0e406eaef232262d164ac449287d94dda0ff7a51223ae61170173'}, 'round': 12, 'sender_id': 0}
2025-11-09 17:31:29,996 - node_0 - DEBUG - Сообщение добавлено в пакет для узла 5
2025-11-09 17:31:34,996 - node_0 - INFO - Запуск раунда консенсуса 13
2025-11-09 17:31:40,054 - node_0 - INFO - Запуск раунда консенсуса 14
2025-11-09 17:31:44,404 - node_0 - INFO - Запуск раунда консенсуса 15
2025-11-09 17:31:44,407 - node_0 - ERROR - Ошибка при обработке сообщения: 
2025-11-09 17:31:48,277 - node_0 - INFO - Запуск раунда консенсуса 16
2025-11-09 17:31:49,019 - node_0 - ERROR - Ошибка при обработке сообщения: 
2025-11-09 17:31:49,021 - node_0 - ERROR - Ошибка при обработке сообщения: 
2025-11-09 17:31:49,022 - node_0 - ERROR - Ошибка при обработке сообщения: 
2025-11-09 17:31:52,858 - node_0 - INFO - Запуск раунда консенсуса 17
2025-11-09 17:31:57,454 - node_0 - INFO - Запуск раунда консенсуса 18
2025-11-09 17:31:57,454 - node_0 - INFO - Предложен блок: Block(hash=5103022e9827458494a24beaa00c60135e06dea574732f0e5248a4aca3629ee0, leader=0, round=18, shard=0, transactions=8)
2025-11-09 17:31:57,454 - node_0 - DEBUG - Шифрование сообщения: {'type': 'prepare', 'block': {'hash': '5103022e9827458494a24beaa00c60135e06dea574732f0e5248a4aca3629ee0'}, 'round': 18, 'sender_id': 0}
2025-11-09 17:31:58,935 - node_0 - DEBUG - Отправлен пакет из 1 сообщений узлу 3
2025-11-09 17:32:00,687 - node_0 - DEBUG - Отправлен пакет из 1 сообщений узлу 4
2025-11-09 17:32:00,688 - node_0 - DEBUG - Отправлен пакет из 1 сообщений узлу 5
2025-11-09 17:32:00,690 - node_0 - ERROR - Ошибка при обработке сообщения: 
2025-11-09 17:32:00,692 - node_0 - DEBUG - Отправлен пакет из 1 сообщений узлу 1
2025-11-09 17:32:00,692 - node_0 - DEBUG - Сообщение добавлено в пакет для узла 1
2025-11-09 17:32:00,692 - node_0 - DEBUG - Шифрование сообщения: {'type': 'prepare', 'block': {'hash': '5103022e9827458494a24beaa00c60135e06dea574732f0e5248a4aca3629ee0'}, 'round': 18, 'sender_id': 0}
2025-11-09 17:32:00,694 - node_0 - DEBUG - Отправлен пакет из 1 сообщений узлу 2
2025-11-09 17:32:00,694 - node_0 - DEBUG - Сообщение добавлено в пакет для узла 2
2025-11-09 17:32:00,694 - node_0 - DEBUG - Шифрование сообщения: {'type': 'prepare', 'block': {'hash': '5103022e9827458494a24beaa00c60135e06dea574732f0e5248a4aca3629ee0'}, 'round': 18, 'sender_id': 0}
2025-11-09 17:32:00,694 - node_0 - DEBUG - Сообщение добавлено в пакет для узла 3
2025-11-09 17:32:00,694 - node_0 - DEBUG - Шифрование сообщения: {'type': 'prepare', 'block': {'hash': '5103022e9827458494a24beaa00c60135e06dea574732f0e5248a4aca3629ee0'}, 'round': 18, 'sender_id': 0}
2025-11-09 17:32:00,695 - node_0 - DEBUG - Сообщение добавлено в пакет для узла 4
2025-11-09 17:32:00,695 - node_0 - DEBUG - Шифрование сообщения: {'type': 'prepare', 'block': {'hash': '5103022e9827458494a24beaa00c60135e06dea574732f0e5248a4aca3629ee0'}, 'round': 18, 'sender_id': 0}
2025-11-09 17:32:00,695 - node_0 - DEBUG - Сообщение добавлено в пакет для узла 5
2025-11-09 17:32:06,273 - node_0 - INFO - Запуск раунда консенсуса 19
2025-11-09 17:32:18,264 - node_0 - INFO - Node 0 initialized
2025-11-09 17:32:19,354 - node_0 - INFO - Запуск раунда консенсуса 1
2025-11-09 17:32:19,378 - node_0 - ERROR - Ошибка при обработке сообщения: 
2025-11-09 17:32:23,380 - node_0 - INFO - Запуск раунда консенсуса 2
2025-11-09 17:32:29,412 - node_0 - INFO - Запуск раунда консенсуса 3
2025-11-09 17:32:30,405 - node_0 - ERROR - Ошибка при обработке сообщения: 
2025-11-09 17:32:32,266 - node_0 - ERROR - Ошибка при обработке сообщения: 
2025-11-09 17:32:34,167 - node_0 - INFO - Запуск раунда консенсуса 4
2025-11-09 17:32:38,442 - node_0 - INFO - Запуск раунда консенсуса 5
2025-11-09 17:32:40,304 - node_0 - ERROR - Ошибка при обработке сообщения: 
2025-11-09 17:38:52,949 - node_0 - INFO - Node 0 initialized
2025-11-09 17:38:54,036 - node_0 - INFO - Запуск раунда консенсуса 1
2025-11-09 17:38:54,057 - node_0 - ERROR - Ошибка при обработке сообщения: 
2025-11-09 17:38:57,983 - node_0 - INFO - Запуск раунда консенсуса 2
2025-11-09 17:39:02,142 - node_0 - INFO - Запуск раунда консенсуса 3
2025-11-09 17:39:02,827 - node_0 - ERROR - Ошибка при обработке сообщения: 
2025-11-09 17:39:04,304 - node_0 - ERROR - Ошибка при обработке сообщения: 
2025-11-09 17:39:05,888 - node_0 - INFO - Запуск раунда консенсуса 4
2025-11-09 17:39:10,486 - node_0 - INFO - Запуск раунда консенсуса 5
2025-11-09 17:39:13,358 - node_0 - ERROR - Ошибка при обработке сообщения: 
2025-11-09 17:39:13,360 - node_0 - ERROR - Ошибка при обработке сообщения: 
2025-11-09 17:39:14,398 - node_0 - INFO - Запуск раунда консенсуса 6
2025-11-09 17:39:14,398 - node_0 - INFO - Предложен блок: Block(hash=91d3b69fbf3cf345b8994c0caf462fff662ed86eb80e8538a1acf58c85ab125e, leader=0, round=6, shard=0, transactions=8)
2025-11-09 17:39:14,398 - node_0 - DEBUG - Шифрование сообщения: {'type': 'prepare', 'block': {'hash': '91d3b69fbf3cf345b8994c0caf462fff662ed86eb80e8538a1acf58c85ab125e'}, 'round': 6, 'sender_id': 0}
2025-11-09 17:39:14,399 - node_0 - DEBUG - Отправлен пакет из 1 сообщений узлу 1
2025-11-09 17:39:14,400 - node_0 - DEBUG - Сообщение добавлено в пакет для узла 1
2025-11-09 17:39:14,400 - node_0 - DEBUG - Шифрование сообщения: {'type': 'prepare', 'block': {'hash': '91d3b69fbf3cf345b8994c0caf462fff662ed86eb80e8538a1acf58c85ab125e'}, 'round': 6, 'sender_id': 0}
2025-11-09 17:39:14,400 - node_0 - DEBUG - Сообщение добавлено в пакет для узла 2
2025-11-09 17:39:14,400 - node_0 - DEBUG - Шифрование сообщения: {'type': 'prepare', 'block': {'hash': '91d3b69fbf3cf345b8994c0caf462fff662ed86eb80e8538a1acf58c85ab125e'}, 'round': 6, 'sender_id': 0}
2025-11-09 17:39:14,401 - node_0 - DEBUG - Сообщение добавлено в пакет для узла 3
2025-11-09 17:39:14,401 - node_0 - DEBUG - Шифрование сообщения: {'type': 'prepare', 'block': {'hash': '91d3b69fbf3cf345b8994c0caf462fff662ed86eb80e8538a1acf58c85ab125e'}, 'round': 6, 'sender_id': 0}
2025-11-09 17:39:14,401 - node_0 - DEBUG - Сообщение добавлено в пакет для узла 4
2025-11-09 17:39:14,401 - node_0 - DEBUG - Шифрование сообщения: {'type': 'prepare', 'block': {'hash': '91d3b69fbf3cf345b8994c0caf462fff662ed86eb80e8538a1acf58c85ab125e'}, 'round': 6, 'sender_id': 0}
2025-11-09 17:39:14,401 - node_0 - DEBUG - Сообщение добавлено в пакет для узла 5
2025-11-09 17:39:19,812 - node_0 - INFO - Запуск раунда консенсуса 7
2025-11-09 17:39:25,063 - node_0 - INFO - Запуск раунда консенсуса 8
2025-11-09 17:39:28,438 - node_0 - INFO - Node 0 initialized
2025-11-09 17:39:29,524 - node_0 - INFO - Запуск раунда консенсуса 1
2025-11-09 17:39:29,536 - node_0 - ERROR - Ошибка при обработке сообщения: 
2025-11-09 17:39:33,526 - node_0 - INFO - Запуск раунда консенсуса 2
