2025-11-09 03:42:34,450 - node_5 - INFO - Node 5 initialized
2025-11-09 03:42:35,499 - node_5 - INFO - Running consensus round 1
2025-11-09 03:42:39,655 - node_5 - INFO - Running consensus round 2
2025-11-09 03:42:43,134 - node_5 - INFO - Running consensus round 3
2025-11-09 03:42:46,630 - node_5 - INFO - Running consensus round 4
2025-11-09 03:45:34,234 - node_5 - INFO - Node 5 initialized
2025-11-09 03:45:35,298 - node_5 - INFO - Running consensus round 1
2025-11-09 03:45:39,314 - node_5 - INFO - Running consensus round 2
2025-11-09 03:45:42,860 - node_5 - INFO - Running consensus round 3
2025-11-09 03:45:46,606 - node_5 - INFO - Running consensus round 4
2025-11-09 03:45:50,225 - node_5 - INFO - Running consensus round 5
2025-11-09 03:45:50,226 - node_5 - INFO - Proposed block: Block(hash=0603133fdaa9424e812117f39545ee5d62d02943221aa9667bf2a640c06d3f14, leader=5, round=5, shard=1, transactions=9)
2025-11-09 03:45:50,240 - node_5 - DEBUG - Sent batch of 1 messages to Node 0
2025-11-09 03:45:53,818 - node_5 - INFO - Running consensus round 6
2025-11-09 03:45:58,114 - node_5 - INFO - Running consensus round 7
2025-11-09 03:46:00,355 - node_5 - ERROR - Error processing message: 
2025-11-09 03:46:01,649 - node_5 - INFO - Running consensus round 8
2025-11-09 03:46:05,748 - node_5 - INFO - Running consensus round 9
2025-11-09 03:46:06,903 - node_5 - ERROR - Error processing message: 
2025-11-09 03:46:06,923 - node_5 - ERROR - Error processing message: 
2025-11-09 03:46:09,687 - node_5 - INFO - Running consensus round 10
2025-11-09 03:46:12,557 - node_5 - ERROR - Error processing message: 
2025-11-09 03:46:13,270 - node_5 - INFO - Running consensus round 11
2025-11-09 03:46:13,270 - node_5 - INFO - Proposed block: Block(hash=75697c4f3cfece4c0066969fe626183b88ff7f682f67dd823cceb2d939383cf3, leader=5, round=11, shard=1, transactions=7)
2025-11-09 03:46:13,273 - node_5 - DEBUG - Sent batch of 1 messages to Node 1
2025-11-09 03:46:13,275 - node_5 - DEBUG - Sent batch of 1 messages to Node 2
2025-11-09 03:46:13,298 - node_5 - DEBUG - Sent batch of 1 messages to Node 3
2025-11-09 03:46:13,300 - node_5 - DEBUG - Sent batch of 1 messages to Node 4
2025-11-09 03:46:13,303 - node_5 - DEBUG - Sent batch of 1 messages to Node 0
2025-11-09 03:46:17,772 - node_5 - INFO - Running consensus round 12
2025-11-09 03:46:18,354 - node_5 - ERROR - Error processing message: 
2025-11-09 03:46:21,352 - node_5 - INFO - Running consensus round 13
2025-11-09 03:46:23,638 - node_5 - ERROR - Error processing message: 
2025-11-09 03:46:24,975 - node_5 - INFO - Running consensus round 14
